0.99995 0.00499992 0 -0.0100002 0.499975 0
0.9998 0.00999933 0 -0.0200017 0.4999 0
0.99955 0.0149977 0 -0.0300056 0.499775 0
0.9992 0.0199947 0 -0.0400133 0.4996 0
0.99875 0.0249896 0 -0.0500261 0.499374 0
0.998199 0.029982 0 -0.0600451 0.499098 0
0.997549 0.0349714 0 -0.0700716 0.498772 0
0.996798 0.0399573 0 -0.0801069 0.498395 0
0.995947 0.0449391 0 -0.0901523 0.497967 0
0.994995 0.0499164 0 -0.100209 0.497488 0
0.993942 0.0548887 0 -0.110278 0.496957 0
0.992789 0.0598554 0 -0.120362 0.496375 0
0.991535 0.064816 0 -0.13046 0.49574 0
0.99018 0.06977 0 -0.140575 0.495054 0
0.988724 0.0747169 0 -0.150708 0.494314 0
0.987166 0.0796561 0 -0.160861 0.49352 0
0.985506 0.0845871 0 -0.171033 0.492673 0
0.983745 0.0895094 0 -0.181228 0.491772 0
0.981882 0.0944224 0 -0.191446 0.490816 0
0.979916 0.0993256 0 -0.201689 0.489804 0
0.977848 0.104218 0 -0.211958 0.488737 0
0.975677 0.1091 0 -0.222255 0.487612 0
0.973403 0.11397 0 -0.23258 0.486431 0
0.971025 0.118829 0 -0.242936 0.485191 0
0.968544 0.123674 0 -0.253324 0.483892 0
0.965958 0.128506 0 -0.263746 0.482533 0
0.963269 0.133324 0 -0.274203 0.481114 0
0.960474 0.138128 0 -0.284696 0.479633 0
0.957575 0.142917 0 -0.295228 0.47809 0
0.954569 0.14769 0 -0.305799 0.476483 0
0.951458 0.152446 0 -0.316412 0.474812 0
0.948241 0.157186 0 -0.327068 0.473075 0
0.944917 0.161908 0 -0.337769 0.471272 0
0.941486 0.166611 0 -0.348517 0.4694 0
0.937946 0.171295 0 -0.359313 0.467459 0
0.934299 0.17596 0 -0.37016 0.465447 0
0.930543 0.180604 0 -0.381059 0.463363 0
0.926678 0.185227 0 -0.392011 0.461206 0
0.922703 0.189828 0 -0.40302 0.458973 0
0.918617 0.194406 0 -0.414087 0.456663 0
0.914421 0.198961 0 -0.425214 0.454276 0
0.910113 0.203491 0 -0.436403 0.451807 0
0.905692 0.207997 0 -0.447657 0.449257 0
0.901159 0.212476 0 -0.458977 0.446623 0
0.896513 0.216929 0 -0.470366 0.443902 0
0.891752 0.221354 0 -0.481826 0.441094 0
0.886876 0.225751 0 -0.493359 0.438194 0
0.881884 0.230118 0 -0.504969 0.435202 0
0.876776 0.234454 0 -0.516657 0.432114 0
0.871551 0.23876 0 -0.528426 0.428929 0
0.866208 0.243033 0 -0.540279 0.425642 0
0.860745 0.247272 0 -0.552219 0.422253 0
0.855163 0.251477 0 -0.564247 0.418756 0
0.84946 0.255647 0 -0.576369 0.41515 0
0.843635 0.25978 0 -0.588585 0.411431 0
0.837688 0.263875 0 -0.6009 0.407595 0
0.831617 0.267931 0 -0.613317 0.403639 0
0.825421 0.271947 0 -0.625839 0.399559 0
0.8191 0.275922 0 -0.638469 0.395352 0
0.812651 0.279854 0 -0.651211 0.391012 0
0.806075 0.283742 0 -0.664068 0.386535 0
0.79937 0.287584 0 -0.677045 0.381916 0
0.792534 0.29138 0 -0.690146 0.377152 0
0.785566 0.295127 0 -0.703374 0.372235 0
0.778466 0.298824 0 -0.716734 0.367162 0
0.771231 0.302469 0 -0.730229 0.361925 0
0.763861 0.306062 0 -0.743866 0.356519 0
0.756353 0.309599 0 -0.757647 0.350938 0
0.748707 0.31308 0 -0.771579 0.345174 0
0.740921 0.316502 0 -0.785666 0.33922 0
0.732993 0.319864 0 -0.799914 0.333068 0
0.724922 0.323163 0 -0.814328 0.32671 0
0.716706 0.326397 0 -0.828914 0.320138 0
0.708344 0.329565 0 -0.843678 0.313342 0
0.699832 0.332663 0 -0.858625 0.306312 0
0.69117 0.33569 0 -0.873763 0.299038 0
0.682356 0.338643 0 -0.889099 0.291509 0
0.673388 0.341519 0 -0.904639 0.283712 0
0.664263 0.344316 0 -0.92039 0.275636 0
0.654979 0.347031 0 -0.93636 0.267266 0
0.645535 0.349661 0 -0.952558 0.258588 0
0.635927 0.352202 0 -0.968991 0.249587 0
0.626154 0.354651 0 -0.985669 0.240246 0
0.616213 0.357006 0 -1.0026 0.230547 0
0.606101 0.359261 0 -1.01979 0.220471 0
0.595816 0.361414 0 -1.03726 0.209997 0
0.585355 0.36346 0 -1.05501 0.199104 0
0.574715 0.365394 0 -1.07305 0.187766 0
0.563893 0.367213 0 -1.0914 0.175959 0
0.552886 0.368912 0 -1.11007 0.163654 0
0.541691 0.370485 0 -1.12907 0.150821 0
0.530304 0.371926 0 -1.1484 0.137427 0
0.518721 0.373231 0 -1.1681 0.123437 0
0.50694 0.374393 0 -1.18816 0.10881 0
0.494957 0.375405 0 -1.20861 0.0935054 0
0.482767 0.376261 0 -1.22946 0.0774757 0
0.470366 0.376952 0 -1.25072 0.0606702 0
0.457751 0.377471 0 -1.27242 0.043033 0
0.444916 0.37781 0 -1.29456 0.0245025 0
0.431858 0.377958 0 -1.31717 0.00501108 0
0.418571 0.377907 0 -1.34026 -0.0155163 0
0.405051 0.377644 0 -1.36386 -0.0371627 0
0.391292 0.377159 0 -1.38797 -0.0600202 0
0.37729 0.376439 0 -1.41262 -0.0841914 0
0.363038 0.375471 0 -1.43782 -0.109791 0
0.348532 0.374238 0 -1.46359 -0.136947 0
0.333765 0.372726 0 -1.48994 -0.165805 0
0.318731 0.370916 0 -1.51689 -0.196525 0
0.303425 0.368789 0 -1.54444 -0.229293 0
0.28784 0.366323 0 -1.57261 -0.264317 0
0.271971 0.363494 0 -1.60137 -0.301833 0
0.255811 0.360277 0 -1.63074 -0.342114 0
0.239354 0.356642 0 -1.66067 -0.38547 0
0.222595 0.352556 0 -1.69113 -0.432259 0
0.20553 0.347984 0 -1.72206 -0.482897 0
0.188153 0.342884 0 -1.75337 -0.537863 0
0.170462 0.33721 0 -1.78491 -0.597719 0
0.152455 0.330911 0 -1.81649 -0.663121 0
0.134133 0.323927 0 -1.84784 -0.734838 0
0.1155 0.31619 0 -1.87859 -0.813777 0
0.0965647 0.307623 0 -1.90819 -0.901007 0
0.0773421 0.298138 0 -1.93592 -0.997789 0
0.057856 0.287631 0 -1.96073 -1.10561 0
0.0381421 0.275983 0 -1.98117 -1.22619 0
0.0182538 0.263058 0 -1.9952 -1.36155 0
-0.00173114 0.248696 0 -1.99995 -1.51392 0
-0.0217009 0.232715 0 -1.99136 -1.6857 0
-0.0414951 0.214909 0 -1.96373 -1.87916 0
-0.060886 0.195054 0 -1.90915 -2.09594 0
-0.079553 0.172913 0 -1.81693 -2.33593 0
-0.0970537 0.14827 0 -1.67338 -2.59535 0
-0.112797 0.120974 0 -1.46279 -2.86391 0
-0.126038 0.091027 0 -1.17098 -3.12136 0
-0.135926 0.0586883 0 -0.79279 -3.33616 0
-0.141648 0.0245726 0 -0.341847 -3.47057 0
-0.142643 -0.0103528 0 0.144777 -3.49475 0
-0.138805 -0.044932 0 0.615944 -3.40279 0
-0.130527 -0.0780918 0 1.02682 -3.21629 0
-0.11855 -0.109065 0 1.35411 -2.97187 0
-0.10373 -0.137455 0 1.59643 -2.70474 0
-0.0868661 -0.163169 0 1.76541 -2.43985 0
-0.0686137 -0.186307 0 1.87677 -2.19118 0
-0.0494733 -0.207067 0 1.94525 -1.96477 0
-0.0298115 -0.225681 0 1.98278 -1.76192 0
-0.00989073 -0.24238 0 1.99834 -1.58155 0
0.0101039 -0.25738 0 1.99846 -1.42155 0
0.0300427 -0.270871 0 1.98781 -1.27953 0
0.0498354 -0.283022 0 1.9697 -1.15317 0
0.0694197 -0.29398 0 1.94647 -1.04037 0
0.0887533 -0.303869 0 1.91979 -0.939273 0
0.107808 -0.312799 0 1.89085 -0.848309 0
0.126566 -0.320864 0 1.86049 -0.766126 0
0.145015 -0.328147 0 1.82933 -0.691579 0
0.163151 -0.334718 0 1.7978 -0.6237 0
0.180971 -0.34064 0 1.76622 -0.561666 0
0.198476 -0.345968 0 1.7348 -0.504777 0
0.215668 -0.350751 0 1.7037 -0.452435 0
0.232551 -0.355031 0 1.67304 -0.404128 0
0.249131 -0.358845 0 1.64289 -0.359417 0
0.265411 -0.36223 0 1.61329 -0.317922 0
0.281398 -0.365214 0 1.58427 -0.279312 0
0.297098 -0.367825 0 1.55586 -0.243302 0
0.312518 -0.370087 0 1.52806 -0.20964 0
0.327662 -0.372024 0 1.50087 -0.178107 0
0.342537 -0.373656 0 1.47427 -0.14851 0
0.357149 -0.375001 0 1.44826 -0.120678 0
0.371504 -0.376075 0 1.42283 -0.0944595 0
0.385608 -0.376895 0 1.39796 -0.0697199 0
0.399465 -0.377474 0 1.37363 -0.0463393 0
0.413082 -0.377826 0 1.34983 -0.0242104 0
0.426463 -0.377962 0 1.32654 -0.00323683 0
0.439614 -0.377894 0 1.30373 0.0166679 0
0.45254 -0.377632 0 1.2814 0.035582 0
0.465244 -0.377185 0 1.25952 0.053576 0
0.477732 -0.376563 0 1.23809 0.0707139 0
0.490007 -0.375774 0 1.21707 0.0870538 0
0.502074 -0.374825 0 1.19646 0.102649 0
0.513938 -0.373723 0 1.17624 0.117547 0
0.5256 -0.372476 0 1.1564 0.131792 0
0.537067 -0.371089 0 1.13692 0.145425 0
0.54834 -0.369569 0 1.11778 0.158483 0
0.559423 -0.367921 0 1.09898 0.170999 0
0.570321 -0.366151 0 1.0805 0.183006 0
0.581035 -0.364263 0 1.06234 0.194532 0
0.591568 -0.362262 0 1.04447 0.205604 0
0.601925 -0.360152 0 1.02689 0.216246 0
0.612107 -0.357938 0 1.00958 0.226482 0
0.622118 -0.355624 0 0.992548 0.236332 0
0.631959 -0.353213 0 0.975768 0.245817 0
0.641634 -0.350709 0 0.959236 0.254955 0
0.651144 -0.348115 0 0.942943 0.263763 0
0.660493 -0.345435 0 0.926881 0.272256 0
0.669683 -0.342671 0 0.911041 0.280451 0
0.678715 -0.339826 0 0.895416 0.28836 0
0.687592 -0.336904 0 0.879998 0.295997 0
0.696315 -0.333907 0 0.86478 0.303373 0
0.704888 -0.330838 0 0.849755 0.310502 0
0.713311 -0.327698 0 0.834917 0.317392 0
0.721587 -0.324491 0 0.82026 0.324054 0
0.729717 -0.321218 0 0.805776 0.330498 0
0.737703 -0.317881 0 0.791461 0.336733 0
0.745547 -0.314484 0 0.777309 0.342767 0
0.75325 -0.311027 0 0.763315 0.348608 0
0.760814 -0.307512 0 0.749472 0.354263 0
0.76824 -0.303942 0 0.735777 0.35974 0
0.77553 -0.300318 0 0.722225 0.365045 0
0.782685 -0.296642 0 0.70881 0.370184 0
0.789706 -0.292915 0 0.695529 0.375164 0
0.796596 -0.289139 0 0.682377 0.37999 0
0.803354 -0.285316 0 0.66935 0.384667 0
0.809983 -0.281446 0 0.656444 0.389201 0
0.816483 -0.277532 0 0.643655 0.393597 0
0.822857 -0.273575 0 0.63098 0.397858 0
0.829103 -0.269575 0 0.618414 0.401989 0
0.835225 -0.265535 0 0.605955 0.405995 0
0.841223 -0.261456 0 0.593599 0.40988 0
0.847097 -0.257338 0 0.581343 0.413646 0
0.85285 -0.253183 0 0.569183 0.417298 0
0.858481 -0.248993 0 0.557117 0.420839 0
0.863993 -0.244767 0 0.545141 0.424272 0
0.869385 -0.240507 0 0.533253 0.4276 0
0.874658 -0.236215 0 0.52145 0.430826 0
0.879814 -0.231891 0 0.509729 0.433953 0
0.884853 -0.227536 0 0.498088 0.436984 0
0.889776 -0.223152 0 0.486524 0.439921 0
0.894584 -0.218738 0 0.475034 0.442767 0
0.899277 -0.214297 0 0.463616 0.445523 0
0.903856 -0.209828 0 0.452268 0.448192 0
0.908322 -0.205333 0 0.440988 0.450777 0
0.912676 -0.200813 0 0.429773 0.453278 0
0.916918 -0.196268 0 0.418621 0.455698 0
0.921049 -0.191699 0 0.40753 0.45804 0
0.925069 -0.187107 0 0.396497 0.460303 0
0.928979 -0.182493 0 0.385522 0.462491 0
0.932779 -0.177858 0 0.374601 0.464605 0
0.936471 -0.173202 0 0.363734 0.466646 0
0.940054 -0.168525 0 0.352917 0.468616 0
0.94353 -0.163829 0 0.34215 0.470516 0
0.946897 -0.159115 0 0.33143 0.472347 0
0.950158 -0.154383 0 0.320756 0.474111 0
0.953313 -0.149633 0 0.310125 0.475809 0
0.956361 -0.144867 0 0.299537 0.477442 0
0.959304 -0.140084 0 0.288989 0.479011 0
0.962141 -0.135287 0 0.278481 0.480517 0
0.964873 -0.130474 0 0.268009 0.481961 0
0.967501 -0.125648 0 0.257574 0.483345 0
0.970025 -0.120808 0 0.247172 0.484668 0
0.972445 -0.115955 0 0.236803 0.485932 0
0.974761 -0.111089 0 0.226465 0.487137 0
0.976974 -0.106212 0 0.216157 0.488285 0
0.979084 -0.101324 0 0.205877 0.489375 0
0.981092 -0.0964247 0 0.195624 0.49041 0
0.982997 -0.0915157 0 0.185396 0.491389 0
0.9848 -0.0865971 0 0.175191 0.492312 0
0.986501 -0.0816696 0 0.16501 0.493181 0
0.9881 -0.0767337 0 0.154849 0.493996 0
0.989598 -0.0717898 0 0.144709 0.494758 0
0.990994 -0.0668387 0 0.134586 0.495466 0
0.99229 -0.0618807 0 0.124481 0.496122 0
0.993484 -0.0569164 0 0.114392 0.496726 0
0.994577 -0.0519463 0 0.104317 0.497278 0
0.99557 -0.046971 0 0.0942552 0.497778 0
0.996463 -0.041991 0 0.0842053 0.498227 0
0.997254 -0.0370067 0 0.0741661 0.498624 0
0.997946 -0.0320186 0 0.0641361 0.498971 0
0.998537 -0.0270274 0 0.0541142 0.499268 0
0.999028 -0.0220335 0 0.0440991 0.499514 0
0.999419 -0.0170373 0 0.0340895 0.499709 0
0.99971 -0.0120394 0 0.0240841 0.499855 0
0.999901 -0.00704037 0 0.0140818 0.49995 0
0.999992 -0.0020406 0 0.00408123 0.499996 0
0.999983 0.00295938 0 -0.00591883 0.499991 0
0.999873 0.00795906 0 -0.0159196 0.499937 0
0.999664 0.0129579 0 -0.0259224 0.499832 0
0.999355 0.0179555 0 -0.0359284 0.499677 0
0.998946 0.0229513 0 -0.045939 0.499472 0
0.998436 0.0279448 0 -0.0559552 0.499217 0
0.997826 0.0329355 0 -0.0659785 0.498911 0
0.997116 0.0379229 0 -0.0760101 0.498555 0
0.996306 0.0429064 0 -0.0860512 0.498148 0
0.995395 0.0478857 0 -0.0961032 0.49769 0
0.994384 0.05286 0 -0.106167 0.49718 0
0.993272 0.0578291 0 -0.116245 0.496619 0
0.992059 0.0627922 0 -0.126337 0.496006 0
0.990745 0.067749 0 -0.136445 0.49534 0
0.98933 0.0726989 0 -0.146571 0.494622 0
0.987814 0.0776413 0 -0.156715 0.493851 0
0.986196 0.0825757 0 -0.166879 0.493026 0
0.984476 0.0875016 0 -0.177065 0.492147 0
0.982654 0.0924185 0 -0.187273 0.491213 0
0.980731 0.0973257 0 -0.197506 0.490224 0
0.978704 0.102223 0 -0.207764 0.489179 0
0.976575 0.107109 0 -0.218049 0.488078 0
0.974343 0.111984 0 -0.228363 0.48692 0
0.972008 0.116847 0 -0.238706 0.485704 0
0.969569 0.121698 0 -0.249081 0.484429 0
0.967026 0.126536 0 -0.259489 0.483095 0
0.964379 0.13136 0 -0.269931 0.481701 0
0.961627 0.136169 0 -0.280409 0.480245 0
0.958771 0.140964 0 -0.290925 0.478728 0
0.955809 0.145744 0 -0.30148 0.477147 0
0.952741 0.150507 0 -0.312076 0.475502 0
0.949567 0.155254 0 -0.322714 0.473792 0
0.946287 0.159983 0 -0.333396 0.472016 0
0.942899 0.164694 0 -0.344125 0.470172 0
0.939404 0.169386 0 -0.354901 0.468259 0
0.935801 0.174059 0 -0.365727 0.466277 0
0.932089 0.178711 0 -0.376604 0.464222 0
0.928269 0.183343 0 -0.387535 0.462095 0
0.924338 0.187953 0 -0.39852 0.459893 0
0.920298 0.192541 0 -0.409563 0.457615 0
0.916147 0.197105 0 -0.420665 0.45526 0
0.911884 0.201645 0 -0.431829 0.452825 0
0.90751 0.206161 0 -0.443056 0.450308 0
0.903023 0.210651 0 -0.454349 0.447708 0
0.898423 0.215115 0 -0.465709 0.445023 0
0.893709 0.219551 0 -0.47714 0.442251 0
0.88888 0.22396 0 -0.488643 0.439389 0
0.883936 0.228339 0 -0.500221 0.436435 0
0.878875 0.232688 0 -0.511877 0.433386 0
0.873698 0.237006 0 -0.523613 0.430241 0
0.868403 0.241293 0 -0.535431 0.426996 0
0.862989 0.245546 0 -0.547335 0.423649 0
0.857456 0.249765 0 -0.559327 0.420196 0
0.851802 0.253949 0 -0.57141 0.416635 0
0.846027 0.258098 0 -0.583588 0.412962 0
0.84013 0.262208 0 -0.595862 0.409175 0
0.83411 0.266281 0 -0.608237 0.405268 0
0.827965 0.270313 0 -0.620715 0.40124 0
0.821695 0.274305 0 -0.633301 0.397085 0
0.815299 0.278255 0 -0.645997 0.392799 0
0.808775 0.282161 0 -0.658807 0.388379 0
0.802122 0.286022 0 -0.671734 0.383819 0
0.795339 0.289836 0 -0.684784 0.379114 0
0.788426 0.293603 0 -0.69796 0.37426 0
0.78138 0.297321 0 -0.711265 0.369252 0
0.7742 0.300988 0 -0.724705 0.364082 0
0.766885 0.304602 0 -0.738283 0.358746 0
0.759434 0.308162 0 -0.752005 0.353237 0
0.751845 0.311666 0 -0.765875 0.347549 0
